[2017-12-04 03:08:15] local.ERROR: exception 'Predis\Connection\ConnectionException' with message '由于目标计算机积极拒绝，无法连接。 [tcp://127.0.0.1:6379]' in D:\WWW\xiao_yi\laravel5.2\vendor\predis\predis\src\Connection\AbstractConnection.php:155
Stack trace:
#0 D:\WWW\xiao_yi\laravel5.2\vendor\predis\predis\src\Connection\StreamConnection.php(128): Predis\Connection\AbstractConnection->onConnectionError('\xD3\xC9\xD3\xDA\xC4\xBF\xB1\xEA\xBC\xC6\xCB\xE3\xBB\xFA\xBB...', 10061)
#1 D:\WWW\xiao_yi\laravel5.2\vendor\predis\predis\src\Connection\StreamConnection.php(178): Predis\Connection\StreamConnection->createStreamSocket(Object(Predis\Connection\Parameters), 'tcp://127.0.0.1...', 4)
#2 D:\WWW\xiao_yi\laravel5.2\vendor\predis\predis\src\Connection\StreamConnection.php(100): Predis\Connection\StreamConnection->tcpStreamInitializer(Object(Predis\Connection\Parameters))
#3 D:\WWW\xiao_yi\laravel5.2\vendor\predis\predis\src\Connection\AbstractConnection.php(81): Predis\Connection\StreamConnection->createResource()
#4 D:\WWW\xiao_yi\laravel5.2\vendor\predis\predis\src\Connection\StreamConnection.php(258): Predis\Connection\AbstractConnection->connect()
#5 D:\WWW\xiao_yi\laravel5.2\vendor\predis\predis\src\Connection\AbstractConnection.php(180): Predis\Connection\StreamConnection->connect()
#6 D:\WWW\xiao_yi\laravel5.2\vendor\predis\predis\src\Connection\StreamConnection.php(288): Predis\Connection\AbstractConnection->getResource()
#7 D:\WWW\xiao_yi\laravel5.2\vendor\predis\predis\src\Connection\StreamConnection.php(394): Predis\Connection\StreamConnection->write('*3\r\n$5\r\nLPUSH\r\n...')
#8 D:\WWW\xiao_yi\laravel5.2\vendor\predis\predis\src\Connection\AbstractConnection.php(110): Predis\Connection\StreamConnection->writeRequest(Object(Predis\Command\ListPushHead))
#9 D:\WWW\xiao_yi\laravel5.2\vendor\predis\predis\src\Client.php(331): Predis\Connection\AbstractConnection->executeCommand(Object(Predis\Command\ListPushHead))
#10 D:\WWW\xiao_yi\laravel5.2\vendor\predis\predis\src\Client.php(315): Predis\Client->executeCommand(Object(Predis\Command\ListPushHead))
#11 [internal function]: Predis\Client->__call('lpush', Array)
#12 [internal function]: Predis\Client->lpush('name', '\xE5\x88\x98\xE5\x98\x89\xE6\x97\x97')
#13 D:\WWW\xiao_yi\laravel5.2\vendor\laravel\framework\src\Illuminate\Redis\Database.php(88): call_user_func_array(Array, Array)
#14 D:\WWW\xiao_yi\laravel5.2\vendor\laravel\framework\src\Illuminate\Redis\Database.php(137): Illuminate\Redis\Database->command('lpush', Array)
#15 D:\WWW\xiao_yi\laravel5.2\vendor\laravel\framework\src\Illuminate\Support\Facades\Facade.php(219): Illuminate\Redis\Database->__call('lpush', Array)
#16 D:\WWW\xiao_yi\laravel5.2\vendor\laravel\framework\src\Illuminate\Support\Facades\Facade.php(219): Illuminate\Redis\Database->lpush('name', '\xE5\x88\x98\xE5\x98\x89\xE6\x97\x97')
#17 D:\WWW\xiao_yi\laravel5.2\app\Http\Controllers\LoginController.php(40): Illuminate\Support\Facades\Facade::__callStatic('lpush', Array)
#18 D:\WWW\xiao_yi\laravel5.2\app\Http\Controllers\LoginController.php(40): Illuminate\Support\Facades\Redis::lpush('name', '\xE5\x88\x98\xE5\x98\x89\xE6\x97\x97')
#19 [internal function]: App\Http\Controllers\LoginController->show_list()
#20 D:\WWW\xiao_yi\laravel5.2\vendor\laravel\framework\src\Illuminate\Routing\Controller.php(80): call_user_func_array(Array, Array)
#21 D:\WWW\xiao_yi\laravel5.2\vendor\laravel\framework\src\Illuminate\Routing\ControllerDispatcher.php(146): Illuminate\Routing\Controller->callAction('show_list', Array)
#22 D:\WWW\xiao_yi\laravel5.2\vendor\laravel\framework\src\Illuminate\Routing\ControllerDispatcher.php(94): Illuminate\Routing\ControllerDispatcher->call(Object(App\Http\Controllers\LoginController), Object(Illuminate\Routing\Route), 'show_list')
#23 [internal function]: Illuminate\Routing\ControllerDispatcher->Illuminate\Routing\{closure}(Object(Illuminate\Http\Request))
#24 D:\WWW\xiao_yi\laravel5.2\vendor\laravel\framework\src\Illuminate\Routing\Pipeline.php(52): call_user_func(Object(Closure), Object(Illuminate\Http\Request))
#25 [internal function]: Illuminate\Routing\Pipeline->Illuminate\Routing\{closure}(Object(Illuminate\Http\Request))
#26 D:\WWW\xiao_yi\laravel5.2\vendor\laravel\framework\src\Illuminate\Pipeline\Pipeline.php(103): call_user_func(Object(Closure), Object(Illuminate\Http\Request))
#27 D:\WWW\xiao_yi\laravel5.2\vendor\laravel\framework\src\Illuminate\Routing\ControllerDispatcher.php(96): Illuminate\Pipeline\Pipeline->then(Object(Closure))
#28 D:\WWW\xiao_yi\laravel5.2\vendor\laravel\framework\src\Illuminate\Routing\ControllerDispatcher.php(54): Illuminate\Routing\ControllerDispatcher->callWithinStack(Object(App\Http\Controllers\LoginController), Object(Illuminate\Routing\Route), Object(Illuminate\Http\Request), 'show_list')
#29 D:\WWW\xiao_yi\laravel5.2\vendor\laravel\framework\src\Illuminate\Routing\Route.php(174): Illuminate\Routing\ControllerDispatcher->dispatch(Object(Illuminate\Routing\Route), Object(Illuminate\Http\Request), 'App\\Http\\Contro...', 'show_list')
#30 D:\WWW\xiao_yi\laravel5.2\vendor\laravel\framework\src\Illuminate\Routing\Route.php(140): Illuminate\Routing\Route->runController(Object(Illuminate\Http\Request))
#31 D:\WWW\xiao_yi\laravel5.2\vendor\laravel\framework\src\Illuminate\Routing\Router.php(724): Illuminate\Routing\Route->run(Object(Illuminate\Http\Request))
#32 [internal function]: Illuminate\Routing\Router->Illuminate\Routing\{closure}(Object(Illuminate\Http\Request))
#33 D:\WWW\xiao_yi\laravel5.2\vendor\laravel\framework\src\Illuminate\Routing\Pipeline.php(52): call_user_func(Object(Closure), Object(Illuminate\Http\Request))
#34 D:\WWW\xiao_yi\laravel5.2\vendor\laravel\framework\src\Illuminate\Foundation\Http\Middleware\VerifyCsrfToken.php(64): Illuminate\Routing\Pipeline->Illuminate\Routing\{closure}(Object(Illuminate\Http\Request))
#35 [internal function]: Illuminate\Foundation\Http\Middleware\VerifyCsrfToken->handle(Object(Illuminate\Http\Request), Object(Closure))
#36 D:\WWW\xiao_yi\laravel5.2\vendor\laravel\framework\src\Illuminate\Pipeline\Pipeline.php(136): call_user_func_array(Array, Array)
#37 [internal function]: Illuminate\Pipeline\Pipeline->Illuminate\Pipeline\{closure}(Object(Illuminate\Http\Request))
#38 D:\WWW\xiao_yi\laravel5.2\vendor\laravel\framework\src\Illuminate\Routing\Pipeline.php(32): call_user_func(Object(Closure), Object(Illuminate\Http\Request))
#39 D:\WWW\xiao_yi\laravel5.2\vendor\laravel\framework\src\Illuminate\View\Middleware\ShareErrorsFromSession.php(49): Illuminate\Routing\Pipeline->Illuminate\Routing\{closure}(Object(Illuminate\Http\Request))
#40 [internal function]: Illuminate\View\Middleware\ShareErrorsFromSession->handle(Object(Illuminate\Http\Request), Object(Closure))
#41 D:\WWW\xiao_yi\laravel5.2\vendor\laravel\framework\src\Illuminate\Pipeline\Pipeline.php(136): call_user_func_array(Array, Array)
#42 [internal function]: Illuminate\Pipeline\Pipeline->Illuminate\Pipeline\{closure}(Object(Illuminate\Http\Request))
#43 D:\WWW\xiao_yi\laravel5.2\vendor\laravel\framework\src\Illuminate\Routing\Pipeline.php(32): call_user_func(Object(Closure), Object(Illuminate\Http\Request))
#44 D:\WWW\xiao_yi\laravel5.2\vendor\laravel\framework\src\Illuminate\Session\Middleware\StartSession.php(64): Illuminate\Routing\Pipeline->Illuminate\Routing\{closure}(Object(Illuminate\Http\Request))
#45 [internal function]: Illuminate\Session\Middleware\StartSession->handle(Object(Illuminate\Http\Request), Object(Closure))
#46 D:\WWW\xiao_yi\laravel5.2\vendor\laravel\framework\src\Illuminate\Pipeline\Pipeline.php(136): call_user_func_array(Array, Array)
#47 [internal function]: Illuminate\Pipeline\Pipeline->Illuminate\Pipeline\{closure}(Object(Illuminate\Http\Request))
#48 D:\WWW\xiao_yi\laravel5.2\vendor\laravel\framework\src\Illuminate\Routing\Pipeline.php(32): call_user_func(Object(Closure), Object(Illuminate\Http\Request))
#49 D:\WWW\xiao_yi\laravel5.2\vendor\laravel\framework\src\Illuminate\Cookie\Middleware\AddQueuedCookiesToResponse.php(37): Illuminate\Routing\Pipeline->Illuminate\Routing\{closure}(Object(Illuminate\Http\Request))
#50 [internal function]: Illuminate\Cookie\Middleware\AddQueuedCookiesToResponse->handle(Object(Illuminate\Http\Request), Object(Closure))
#51 D:\WWW\xiao_yi\laravel5.2\vendor\laravel\framework\src\Illuminate\Pipeline\Pipeline.php(136): call_user_func_array(Array, Array)
#52 [internal function]: Illuminate\Pipeline\Pipeline->Illuminate\Pipeline\{closure}(Object(Illuminate\Http\Request))
#53 D:\WWW\xiao_yi\laravel5.2\vendor\laravel\framework\src\Illuminate\Routing\Pipeline.php(32): call_user_func(Object(Closure), Object(Illuminate\Http\Request))
#54 D:\WWW\xiao_yi\laravel5.2\vendor\laravel\framework\src\Illuminate\Cookie\Middleware\EncryptCookies.php(59): Illuminate\Routing\Pipeline->Illuminate\Routing\{closure}(Object(Illuminate\Http\Request))
#55 [internal function]: Illuminate\Cookie\Middleware\EncryptCookies->handle(Object(Illuminate\Http\Request), Object(Closure))
#56 D:\WWW\xiao_yi\laravel5.2\vendor\laravel\framework\src\Illuminate\Pipeline\Pipeline.php(136): call_user_func_array(Array, Array)
#57 [internal function]: Illuminate\Pipeline\Pipeline->Illuminate\Pipeline\{closure}(Object(Illuminate\Http\Request))
#58 D:\WWW\xiao_yi\laravel5.2\vendor\laravel\framework\src\Illuminate\Routing\Pipeline.php(32): call_user_func(Object(Closure), Object(Illuminate\Http\Request))
#59 [internal function]: Illuminate\Routing\Pipeline->Illuminate\Routing\{closure}(Object(Illuminate\Http\Request))
#60 D:\WWW\xiao_yi\laravel5.2\vendor\laravel\framework\src\Illuminate\Pipeline\Pipeline.php(103): call_user_func(Object(Closure), Object(Illuminate\Http\Request))
#61 D:\WWW\xiao_yi\laravel5.2\vendor\laravel\framework\src\Illuminate\Routing\Router.php(726): Illuminate\Pipeline\Pipeline->then(Object(Closure))
#62 D:\WWW\xiao_yi\laravel5.2\vendor\laravel\framework\src\Illuminate\Routing\Router.php(699): Illuminate\Routing\Router->runRouteWithinStack(Object(Illuminate\Routing\Route), Object(Illuminate\Http\Request))
#63 D:\WWW\xiao_yi\laravel5.2\vendor\laravel\framework\src\Illuminate\Routing\Router.php(675): Illuminate\Routing\Router->dispatchToRoute(Object(Illuminate\Http\Request))
#64 D:\WWW\xiao_yi\laravel5.2\vendor\laravel\framework\src\Illuminate\Foundation\Http\Kernel.php(246): Illuminate\Routing\Router->dispatch(Object(Illuminate\Http\Request))
#65 [internal function]: Illuminate\Foundation\Http\Kernel->Illuminate\Foundation\Http\{closure}(Object(Illuminate\Http\Request))
#66 D:\WWW\xiao_yi\laravel5.2\vendor\laravel\framework\src\Illuminate\Routing\Pipeline.php(52): call_user_func(Object(Closure), Object(Illuminate\Http\Request))
#67 D:\WWW\xiao_yi\laravel5.2\vendor\laravel\framework\src\Illuminate\Foundation\Http\Middleware\CheckForMaintenanceMode.php(44): Illuminate\Routing\Pipeline->Illuminate\Routing\{closure}(Object(Illuminate\Http\Request))
#68 [internal function]: Illuminate\Foundation\Http\Middleware\CheckForMaintenanceMode->handle(Object(Illuminate\Http\Request), Object(Closure))
#69 D:\WWW\xiao_yi\laravel5.2\vendor\laravel\framework\src\Illuminate\Pipeline\Pipeline.php(136): call_user_func_array(Array, Array)
#70 [internal function]: Illuminate\Pipeline\Pipeline->Illuminate\Pipeline\{closure}(Object(Illuminate\Http\Request))
#71 D:\WWW\xiao_yi\laravel5.2\vendor\laravel\framework\src\Illuminate\Routing\Pipeline.php(32): call_user_func(Object(Closure), Object(Illuminate\Http\Request))
#72 [internal function]: Illuminate\Routing\Pipeline->Illuminate\Routing\{closure}(Object(Illuminate\Http\Request))
#73 D:\WWW\xiao_yi\laravel5.2\vendor\laravel\framework\src\Illuminate\Pipeline\Pipeline.php(103): call_user_func(Object(Closure), Object(Illuminate\Http\Request))
#74 D:\WWW\xiao_yi\laravel5.2\vendor\laravel\framework\src\Illuminate\Foundation\Http\Kernel.php(132): Illuminate\Pipeline\Pipeline->then(Object(Closure))
#75 D:\WWW\xiao_yi\laravel5.2\vendor\laravel\framework\src\Illuminate\Foundation\Http\Kernel.php(99): Illuminate\Foundation\Http\Kernel->sendRequestThroughRouter(Object(Illuminate\Http\Request))
#76 D:\WWW\xiao_yi\laravel5.2\public\index.php(54): Illuminate\Foundation\Http\Kernel->handle(Object(Illuminate\Http\Request))
#77 {main}  
[2017-12-04 03:11:21] local.ERROR: exception 'Predis\Connection\ConnectionException' with message '由于目标计算机积极拒绝，无法连接。 [tcp://127.0.0.1:6379]' in D:\WWW\xiao_yi\laravel5.2\vendor\predis\predis\src\Connection\AbstractConnection.php:155
Stack trace:
#0 D:\WWW\xiao_yi\laravel5.2\vendor\predis\predis\src\Connection\StreamConnection.php(128): Predis\Connection\AbstractConnection->onConnectionError('\xD3\xC9\xD3\xDA\xC4\xBF\xB1\xEA\xBC\xC6\xCB\xE3\xBB\xFA\xBB...', 10061)
#1 D:\WWW\xiao_yi\laravel5.2\vendor\predis\predis\src\Connection\StreamConnection.php(178): Predis\Connection\StreamConnection->createStreamSocket(Object(Predis\Connection\Parameters), 'tcp://127.0.0.1...', 4)
#2 D:\WWW\xiao_yi\laravel5.2\vendor\predis\predis\src\Connection\StreamConnection.php(100): Predis\Connection\StreamConnection->tcpStreamInitializer(Object(Predis\Connection\Parameters))
#3 D:\WWW\xiao_yi\laravel5.2\vendor\predis\predis\src\Connection\AbstractConnection.php(81): Predis\Connection\StreamConnection->createResource()
#4 D:\WWW\xiao_yi\laravel5.2\vendor\predis\predis\src\Connection\StreamConnection.php(258): Predis\Connection\AbstractConnection->connect()
#5 D:\WWW\xiao_yi\laravel5.2\vendor\predis\predis\src\Connection\AbstractConnection.php(180): Predis\Connection\StreamConnection->connect()
#6 D:\WWW\xiao_yi\laravel5.2\vendor\predis\predis\src\Connection\StreamConnection.php(288): Predis\Connection\AbstractConnection->getResource()
#7 D:\WWW\xiao_yi\laravel5.2\vendor\predis\predis\src\Connection\StreamConnection.php(394): Predis\Connection\StreamConnection->write('*3\r\n$5\r\nLPUSH\r\n...')
#8 D:\WWW\xiao_yi\laravel5.2\vendor\predis\predis\src\Connection\AbstractConnection.php(110): Predis\Connection\StreamConnection->writeRequest(Object(Predis\Command\ListPushHead))
#9 D:\WWW\xiao_yi\laravel5.2\vendor\predis\predis\src\Client.php(331): Predis\Connection\AbstractConnection->executeCommand(Object(Predis\Command\ListPushHead))
#10 D:\WWW\xiao_yi\laravel5.2\vendor\predis\predis\src\Client.php(315): Predis\Client->executeCommand(Object(Predis\Command\ListPushHead))
#11 [internal function]: Predis\Client->__call('lpush', Array)
#12 [internal function]: Predis\Client->lpush('name', '\xE5\x88\x98\xE5\x98\x89\xE6\x97\x97')
#13 D:\WWW\xiao_yi\laravel5.2\vendor\laravel\framework\src\Illuminate\Redis\Database.php(88): call_user_func_array(Array, Array)
#14 D:\WWW\xiao_yi\laravel5.2\vendor\laravel\framework\src\Illuminate\Redis\Database.php(137): Illuminate\Redis\Database->command('lpush', Array)
#15 D:\WWW\xiao_yi\laravel5.2\vendor\laravel\framework\src\Illuminate\Support\Facades\Facade.php(219): Illuminate\Redis\Database->__call('lpush', Array)
#16 D:\WWW\xiao_yi\laravel5.2\vendor\laravel\framework\src\Illuminate\Support\Facades\Facade.php(219): Illuminate\Redis\Database->lpush('name', '\xE5\x88\x98\xE5\x98\x89\xE6\x97\x97')
#17 D:\WWW\xiao_yi\laravel5.2\app\Http\Controllers\LoginController.php(40): Illuminate\Support\Facades\Facade::__callStatic('lpush', Array)
#18 D:\WWW\xiao_yi\laravel5.2\app\Http\Controllers\LoginController.php(40): Illuminate\Support\Facades\Redis::lpush('name', '\xE5\x88\x98\xE5\x98\x89\xE6\x97\x97')
#19 [internal function]: App\Http\Controllers\LoginController->show_list()
#20 D:\WWW\xiao_yi\laravel5.2\vendor\laravel\framework\src\Illuminate\Routing\Controller.php(80): call_user_func_array(Array, Array)
#21 D:\WWW\xiao_yi\laravel5.2\vendor\laravel\framework\src\Illuminate\Routing\ControllerDispatcher.php(146): Illuminate\Routing\Controller->callAction('show_list', Array)
#22 D:\WWW\xiao_yi\laravel5.2\vendor\laravel\framework\src\Illuminate\Routing\ControllerDispatcher.php(94): Illuminate\Routing\ControllerDispatcher->call(Object(App\Http\Controllers\LoginController), Object(Illuminate\Routing\Route), 'show_list')
#23 [internal function]: Illuminate\Routing\ControllerDispatcher->Illuminate\Routing\{closure}(Object(Illuminate\Http\Request))
#24 D:\WWW\xiao_yi\laravel5.2\vendor\laravel\framework\src\Illuminate\Routing\Pipeline.php(52): call_user_func(Object(Closure), Object(Illuminate\Http\Request))
#25 [internal function]: Illuminate\Routing\Pipeline->Illuminate\Routing\{closure}(Object(Illuminate\Http\Request))
#26 D:\WWW\xiao_yi\laravel5.2\vendor\laravel\framework\src\Illuminate\Pipeline\Pipeline.php(103): call_user_func(Object(Closure), Object(Illuminate\Http\Request))
#27 D:\WWW\xiao_yi\laravel5.2\vendor\laravel\framework\src\Illuminate\Routing\ControllerDispatcher.php(96): Illuminate\Pipeline\Pipeline->then(Object(Closure))
#28 D:\WWW\xiao_yi\laravel5.2\vendor\laravel\framework\src\Illuminate\Routing\ControllerDispatcher.php(54): Illuminate\Routing\ControllerDispatcher->callWithinStack(Object(App\Http\Controllers\LoginController), Object(Illuminate\Routing\Route), Object(Illuminate\Http\Request), 'show_list')
#29 D:\WWW\xiao_yi\laravel5.2\vendor\laravel\framework\src\Illuminate\Routing\Route.php(174): Illuminate\Routing\ControllerDispatcher->dispatch(Object(Illuminate\Routing\Route), Object(Illuminate\Http\Request), 'App\\Http\\Contro...', 'show_list')
#30 D:\WWW\xiao_yi\laravel5.2\vendor\laravel\framework\src\Illuminate\Routing\Route.php(140): Illuminate\Routing\Route->runController(Object(Illuminate\Http\Request))
#31 D:\WWW\xiao_yi\laravel5.2\vendor\laravel\framework\src\Illuminate\Routing\Router.php(724): Illuminate\Routing\Route->run(Object(Illuminate\Http\Request))
#32 [internal function]: Illuminate\Routing\Router->Illuminate\Routing\{closure}(Object(Illuminate\Http\Request))
#33 D:\WWW\xiao_yi\laravel5.2\vendor\laravel\framework\src\Illuminate\Routing\Pipeline.php(52): call_user_func(Object(Closure), Object(Illuminate\Http\Request))
#34 D:\WWW\xiao_yi\laravel5.2\vendor\laravel\framework\src\Illuminate\Foundation\Http\Middleware\VerifyCsrfToken.php(64): Illuminate\Routing\Pipeline->Illuminate\Routing\{closure}(Object(Illuminate\Http\Request))
#35 [internal function]: Illuminate\Foundation\Http\Middleware\VerifyCsrfToken->handle(Object(Illuminate\Http\Request), Object(Closure))
#36 D:\WWW\xiao_yi\laravel5.2\vendor\laravel\framework\src\Illuminate\Pipeline\Pipeline.php(136): call_user_func_array(Array, Array)
#37 [internal function]: Illuminate\Pipeline\Pipeline->Illuminate\Pipeline\{closure}(Object(Illuminate\Http\Request))
#38 D:\WWW\xiao_yi\laravel5.2\vendor\laravel\framework\src\Illuminate\Routing\Pipeline.php(32): call_user_func(Object(Closure), Object(Illuminate\Http\Request))
#39 D:\WWW\xiao_yi\laravel5.2\vendor\laravel\framework\src\Illuminate\View\Middleware\ShareErrorsFromSession.php(49): Illuminate\Routing\Pipeline->Illuminate\Routing\{closure}(Object(Illuminate\Http\Request))
#40 [internal function]: Illuminate\View\Middleware\ShareErrorsFromSession->handle(Object(Illuminate\Http\Request), Object(Closure))
#41 D:\WWW\xiao_yi\laravel5.2\vendor\laravel\framework\src\Illuminate\Pipeline\Pipeline.php(136): call_user_func_array(Array, Array)
#42 [internal function]: Illuminate\Pipeline\Pipeline->Illuminate\Pipeline\{closure}(Object(Illuminate\Http\Request))
#43 D:\WWW\xiao_yi\laravel5.2\vendor\laravel\framework\src\Illuminate\Routing\Pipeline.php(32): call_user_func(Object(Closure), Object(Illuminate\Http\Request))
#44 D:\WWW\xiao_yi\laravel5.2\vendor\laravel\framework\src\Illuminate\Session\Middleware\StartSession.php(64): Illuminate\Routing\Pipeline->Illuminate\Routing\{closure}(Object(Illuminate\Http\Request))
#45 [internal function]: Illuminate\Session\Middleware\StartSession->handle(Object(Illuminate\Http\Request), Object(Closure))
#46 D:\WWW\xiao_yi\laravel5.2\vendor\laravel\framework\src\Illuminate\Pipeline\Pipeline.php(136): call_user_func_array(Array, Array)
#47 [internal function]: Illuminate\Pipeline\Pipeline->Illuminate\Pipeline\{closure}(Object(Illuminate\Http\Request))
#48 D:\WWW\xiao_yi\laravel5.2\vendor\laravel\framework\src\Illuminate\Routing\Pipeline.php(32): call_user_func(Object(Closure), Object(Illuminate\Http\Request))
#49 D:\WWW\xiao_yi\laravel5.2\vendor\laravel\framework\src\Illuminate\Cookie\Middleware\AddQueuedCookiesToResponse.php(37): Illuminate\Routing\Pipeline->Illuminate\Routing\{closure}(Object(Illuminate\Http\Request))
#50 [internal function]: Illuminate\Cookie\Middleware\AddQueuedCookiesToResponse->handle(Object(Illuminate\Http\Request), Object(Closure))
#51 D:\WWW\xiao_yi\laravel5.2\vendor\laravel\framework\src\Illuminate\Pipeline\Pipeline.php(136): call_user_func_array(Array, Array)
#52 [internal function]: Illuminate\Pipeline\Pipeline->Illuminate\Pipeline\{closure}(Object(Illuminate\Http\Request))
#53 D:\WWW\xiao_yi\laravel5.2\vendor\laravel\framework\src\Illuminate\Routing\Pipeline.php(32): call_user_func(Object(Closure), Object(Illuminate\Http\Request))
#54 D:\WWW\xiao_yi\laravel5.2\vendor\laravel\framework\src\Illuminate\Cookie\Middleware\EncryptCookies.php(59): Illuminate\Routing\Pipeline->Illuminate\Routing\{closure}(Object(Illuminate\Http\Request))
#55 [internal function]: Illuminate\Cookie\Middleware\EncryptCookies->handle(Object(Illuminate\Http\Request), Object(Closure))
#56 D:\WWW\xiao_yi\laravel5.2\vendor\laravel\framework\src\Illuminate\Pipeline\Pipeline.php(136): call_user_func_array(Array, Array)
#57 [internal function]: Illuminate\Pipeline\Pipeline->Illuminate\Pipeline\{closure}(Object(Illuminate\Http\Request))
#58 D:\WWW\xiao_yi\laravel5.2\vendor\laravel\framework\src\Illuminate\Routing\Pipeline.php(32): call_user_func(Object(Closure), Object(Illuminate\Http\Request))
#59 [internal function]: Illuminate\Routing\Pipeline->Illuminate\Routing\{closure}(Object(Illuminate\Http\Request))
#60 D:\WWW\xiao_yi\laravel5.2\vendor\laravel\framework\src\Illuminate\Pipeline\Pipeline.php(103): call_user_func(Object(Closure), Object(Illuminate\Http\Request))
#61 D:\WWW\xiao_yi\laravel5.2\vendor\laravel\framework\src\Illuminate\Routing\Router.php(726): Illuminate\Pipeline\Pipeline->then(Object(Closure))
#62 D:\WWW\xiao_yi\laravel5.2\vendor\laravel\framework\src\Illuminate\Routing\Router.php(699): Illuminate\Routing\Router->runRouteWithinStack(Object(Illuminate\Routing\Route), Object(Illuminate\Http\Request))
#63 D:\WWW\xiao_yi\laravel5.2\vendor\laravel\framework\src\Illuminate\Routing\Router.php(675): Illuminate\Routing\Router->dispatchToRoute(Object(Illuminate\Http\Request))
#64 D:\WWW\xiao_yi\laravel5.2\vendor\laravel\framework\src\Illuminate\Foundation\Http\Kernel.php(246): Illuminate\Routing\Router->dispatch(Object(Illuminate\Http\Request))
#65 [internal function]: Illuminate\Foundation\Http\Kernel->Illuminate\Foundation\Http\{closure}(Object(Illuminate\Http\Request))
#66 D:\WWW\xiao_yi\laravel5.2\vendor\laravel\framework\src\Illuminate\Routing\Pipeline.php(52): call_user_func(Object(Closure), Object(Illuminate\Http\Request))
#67 D:\WWW\xiao_yi\laravel5.2\vendor\laravel\framework\src\Illuminate\Foundation\Http\Middleware\CheckForMaintenanceMode.php(44): Illuminate\Routing\Pipeline->Illuminate\Routing\{closure}(Object(Illuminate\Http\Request))
#68 [internal function]: Illuminate\Foundation\Http\Middleware\CheckForMaintenanceMode->handle(Object(Illuminate\Http\Request), Object(Closure))
#69 D:\WWW\xiao_yi\laravel5.2\vendor\laravel\framework\src\Illuminate\Pipeline\Pipeline.php(136): call_user_func_array(Array, Array)
#70 [internal function]: Illuminate\Pipeline\Pipeline->Illuminate\Pipeline\{closure}(Object(Illuminate\Http\Request))
#71 D:\WWW\xiao_yi\laravel5.2\vendor\laravel\framework\src\Illuminate\Routing\Pipeline.php(32): call_user_func(Object(Closure), Object(Illuminate\Http\Request))
#72 [internal function]: Illuminate\Routing\Pipeline->Illuminate\Routing\{closure}(Object(Illuminate\Http\Request))
#73 D:\WWW\xiao_yi\laravel5.2\vendor\laravel\framework\src\Illuminate\Pipeline\Pipeline.php(103): call_user_func(Object(Closure), Object(Illuminate\Http\Request))
#74 D:\WWW\xiao_yi\laravel5.2\vendor\laravel\framework\src\Illuminate\Foundation\Http\Kernel.php(132): Illuminate\Pipeline\Pipeline->then(Object(Closure))
#75 D:\WWW\xiao_yi\laravel5.2\vendor\laravel\framework\src\Illuminate\Foundation\Http\Kernel.php(99): Illuminate\Foundation\Http\Kernel->sendRequestThroughRouter(Object(Illuminate\Http\Request))
#76 D:\WWW\xiao_yi\laravel5.2\public\index.php(54): Illuminate\Foundation\Http\Kernel->handle(Object(Illuminate\Http\Request))
#77 {main}  
